TID: [] [] [2022-10-31 09:48:02,803] []  INFO {org.ops4j.pax.logging.spi.support.EventAdminConfigurationNotifier} - Sending Event Admin notification (configuration successful) to org/ops4j/pax/logging/Configuration
TID: [] [] [2022-10-31 09:48:02,887] []  INFO {com.azure.identity.EnvironmentCredential} - Azure Identity => EnvironmentCredential invoking ClientSecretCredential
TID: [] [] [2022-10-31 09:48:02,956] []  INFO {com.azure.core.implementation.jackson.JacksonVersion} - Package versions: jackson-annotations=2.13.2, jackson-core=2.13.2, jackson-databind=2.13.2.2, jackson-dataformat-xml=2.13.3, jackson-datatype-jsr310=2.13.3, azure-core=1.28.0, Troubleshooting version conflicts: https://aka.ms/azsdk/java/dependency/troubleshoot
TID: [] [] [2022-10-31 09:48:03,791] []  INFO {org.wso2.carbon.core.internal.CarbonCoreActivator} - Starting WSO2 Carbon...
TID: [] [] [2022-10-31 09:48:03,792] []  INFO {org.wso2.carbon.core.internal.CarbonCoreActivator} - Operating System : Windows 11 10.0, amd64
TID: [] [] [2022-10-31 09:48:03,793] []  INFO {org.wso2.carbon.core.internal.CarbonCoreActivator} - Java Home        : C:\Program Files\Java\jdk-11.0.16.1
TID: [] [] [2022-10-31 09:48:03,793] []  INFO {org.wso2.carbon.core.internal.CarbonCoreActivator} - Java Version     : 11.0.16.1
TID: [] [] [2022-10-31 09:48:03,793] []  INFO {org.wso2.carbon.core.internal.CarbonCoreActivator} - Java VM          : Java HotSpot(TM) 64-Bit Server VM 11.0.16.1+1-LTS-1,Oracle Corporation
TID: [] [] [2022-10-31 09:48:03,794] []  INFO {org.wso2.carbon.core.internal.CarbonCoreActivator} - Carbon Home      : C:\Users\AMSHIK~1\DOWNLO~1\WSO2IS~1.0-R\WSO2IS~1.0\bin\..
TID: [] [] [2022-10-31 09:48:03,794] []  INFO {org.wso2.carbon.core.internal.CarbonCoreActivator} - Java Temp Dir    : C:\Users\AMSHIK~1\DOWNLO~1\WSO2IS~1.0-R\WSO2IS~1.0\bin\..\tmp
TID: [] [] [2022-10-31 09:48:03,794] []  INFO {org.wso2.carbon.core.internal.CarbonCoreActivator} - User             : amshikahameed, en-US, Asia/Colombo
TID: [] [] [2022-10-31 09:48:04,057] []  INFO {org.wso2.carbon.event.output.adapter.kafka.internal.ds.KafkaEventAdapterServiceDS} - Successfully deployed the Kafka output event adaptor service
TID: [] [] [2022-10-31 09:48:04,643] []  INFO {org.wso2.carbon.identity.hash.provider.pbkdf2.internal.PBKDF2HashServiceComponent} - PBKDF2 bundle activated successfully.
TID: [] [] [2022-10-31 09:48:04,744] []  INFO {org.wso2.carbon.identity.oauth.uma.grant.internal.UMA2GrantServiceComponent} - Policy evaluator registered successfully: DefaultPolicyEvaluator
TID: [] [] [2022-10-31 09:48:04,751] []  INFO {org.wso2.carbon.identity.oauth.uma.grant.internal.UMA2GrantServiceComponent} - UMA Grant component activated successfully.
TID: [] [] [2022-10-31 09:48:05,923] []  INFO {org.wso2.carbon.mex.internal.Office365SupportMexComponent} - Office365Support MexServiceComponent bundle activated successfully..
TID: [] [] [2022-10-31 09:48:05,948] []  INFO {org.wso2.carbon.mex2.internal.DynamicCRMCustomMexComponent} - DynamicCRMSupport MexServiceComponent bundle activated successfully.
TID: [] [] [2022-10-31 09:48:12,213] []  INFO {com.azure.identity.ClientSecretCredential} - Azure Identity => getToken() result for scopes [https://vault.azure.net/.default]: SUCCESS
TID: [] [] [2022-10-31 09:48:13,500] []  INFO {com.azure.core.implementation.AccessTokenCache} - Acquired a new access token.
TID: [] [] [2022-10-31 09:56:50,528] []  INFO {org.ops4j.pax.logging.spi.support.EventAdminConfigurationNotifier} - Sending Event Admin notification (configuration successful) to org/ops4j/pax/logging/Configuration
TID: [] [] [2022-10-31 09:56:50,592] []  INFO {com.azure.identity.EnvironmentCredential} - Azure Identity => EnvironmentCredential invoking ClientSecretCredential
TID: [] [] [2022-10-31 09:56:50,688] []  INFO {com.azure.core.implementation.jackson.JacksonVersion} - Package versions: jackson-annotations=2.13.2, jackson-core=2.13.2, jackson-databind=2.13.2.2, jackson-dataformat-xml=2.13.3, jackson-datatype-jsr310=2.13.3, azure-core=1.28.0, Troubleshooting version conflicts: https://aka.ms/azsdk/java/dependency/troubleshoot
TID: [] [] [2022-10-31 09:56:51,395] []  INFO {org.wso2.carbon.core.internal.CarbonCoreActivator} - Starting WSO2 Carbon...
TID: [] [] [2022-10-31 09:56:51,396] []  INFO {org.wso2.carbon.core.internal.CarbonCoreActivator} - Operating System : Windows 11 10.0, amd64
TID: [] [] [2022-10-31 09:56:51,397] []  INFO {org.wso2.carbon.core.internal.CarbonCoreActivator} - Java Home        : C:\Program Files\Java\jdk-11.0.16.1
TID: [] [] [2022-10-31 09:56:51,397] []  INFO {org.wso2.carbon.core.internal.CarbonCoreActivator} - Java Version     : 11.0.16.1
TID: [] [] [2022-10-31 09:56:51,397] []  INFO {org.wso2.carbon.core.internal.CarbonCoreActivator} - Java VM          : Java HotSpot(TM) 64-Bit Server VM 11.0.16.1+1-LTS-1,Oracle Corporation
TID: [] [] [2022-10-31 09:56:51,397] []  INFO {org.wso2.carbon.core.internal.CarbonCoreActivator} - Carbon Home      : C:\Users\AMSHIK~1\DOWNLO~1\WSO2IS~1.0-R\WSO2IS~1.0\bin\..
TID: [] [] [2022-10-31 09:56:51,397] []  INFO {org.wso2.carbon.core.internal.CarbonCoreActivator} - Java Temp Dir    : C:\Users\AMSHIK~1\DOWNLO~1\WSO2IS~1.0-R\WSO2IS~1.0\bin\..\tmp
TID: [] [] [2022-10-31 09:56:51,398] []  INFO {org.wso2.carbon.core.internal.CarbonCoreActivator} - User             : amshikahameed, en-US, Asia/Colombo
TID: [] [] [2022-10-31 09:56:51,709] []  INFO {org.wso2.carbon.event.output.adapter.kafka.internal.ds.KafkaEventAdapterServiceDS} - Successfully deployed the Kafka output event adaptor service
TID: [] [] [2022-10-31 09:56:52,390] []  INFO {org.wso2.carbon.identity.hash.provider.pbkdf2.internal.PBKDF2HashServiceComponent} - PBKDF2 bundle activated successfully.
TID: [] [] [2022-10-31 09:56:52,491] []  INFO {org.wso2.carbon.identity.oauth.uma.grant.internal.UMA2GrantServiceComponent} - Policy evaluator registered successfully: DefaultPolicyEvaluator
TID: [] [] [2022-10-31 09:56:52,491] []  INFO {org.wso2.carbon.identity.oauth.uma.grant.internal.UMA2GrantServiceComponent} - UMA Grant component activated successfully.
TID: [] [] [2022-10-31 09:56:53,781] []  INFO {org.wso2.carbon.mex.internal.Office365SupportMexComponent} - Office365Support MexServiceComponent bundle activated successfully..
TID: [] [] [2022-10-31 09:56:53,811] []  INFO {org.wso2.carbon.mex2.internal.DynamicCRMCustomMexComponent} - DynamicCRMSupport MexServiceComponent bundle activated successfully.
TID: [] [] [2022-10-31 09:57:12,039] []  INFO {com.azure.identity.ClientSecretCredential} - Azure Identity => getToken() result for scopes [https://vault.azure.net/.default]: SUCCESS
TID: [] [] [2022-10-31 09:57:12,041] []  INFO {com.azure.core.implementation.AccessTokenCache} - Acquired a new access token.
TID: [] [] [2022-10-31 09:57:13,396] []  INFO {org.wso2.carbon.consent.mgt.core.internal.ConsentManagerComponent} - ConsentManagerComponent is activated.
TID: [] [] [2022-10-31 09:57:13,823] []  INFO {org.wso2.carbon.identity.organization.management.tenant.association.internal.TenantAssociationServiceComponent} - Organization management related TenantAssociationManagementListener registered successfully.
TID: [] [] [2022-10-31 09:57:14,219] []  INFO {org.wso2.carbon.registry.core.jdbc.EmbeddedRegistryService} - Configured Registry in 77ms
TID: [] [] [2022-10-31 09:57:14,252] []  INFO {org.wso2.carbon.registry.core.jdbc.EmbeddedRegistryService} - Connected to mount at configregistry in 10ms
TID: [] [] [2022-10-31 09:57:14,268] []  INFO {org.wso2.carbon.registry.core.jdbc.EmbeddedRegistryService} - Connected to mount at govregistry in 11ms
TID: [] [] [2022-10-31 09:57:14,361] []  INFO {org.wso2.carbon.registry.core.jdbc.EmbeddedRegistryService} - Connected to mount at configregistry in 1ms
TID: [] [] [2022-10-31 09:57:14,364] []  INFO {org.wso2.carbon.registry.core.jdbc.EmbeddedRegistryService} - Connected to mount at govregistry in 2ms
TID: [] [] [2022-10-31 09:57:14,373] []  INFO {org.wso2.carbon.registry.core.internal.RegistryCoreServiceComponent} - Registry Mode    : READ-WRITE
TID: [] [] [2022-10-31 09:57:17,837] []  INFO {org.wso2.carbon.registry.indexing.solr.SolrClient} - Default Embedded Solr Server Initialized
TID: [] [] [2022-10-31 09:57:18,390] []  INFO {org.wso2.carbon.user.core.internal.UserStoreMgtDSComponent} - Carbon UserStoreMgtDSComponent activated successfully.
TID: [] [] [2022-10-31 09:57:18,503] []  INFO {org.wso2.carbon.attachment.mgt.server.internal.AttachmentServiceComponent} - Initialising Attachment Server
TID: [] [] [2022-10-31 09:57:18,820] []  INFO {org.wso2.carbon.attachment.mgt.core.dao.impl.jpa.AbstractJPAVendorAdapter} - [Attachment-Mgt OpenJPA] DB Dictionary: h2
TID: [] [] [2022-10-31 09:57:18,822] []  INFO {org.wso2.carbon.attachment.mgt.core.dao.impl.jpa.AbstractJPAVendorAdapter} - [Attachment-Mgt OpenJPA] Generate DDL Enabled.
TID: [] [] [2022-10-31 09:57:19,050] []  INFO {org.wso2.carbon.attachment.mgt.server.internal.AttachmentServiceComponent} - Registering AttachmentServerService
TID: [] [] [2022-10-31 09:57:19,073] []  INFO {org.wso2.carbon.bpel.core.internal.BPELServiceComponent} - Initializing BPEL Engine........
TID: [] [] [2022-10-31 09:57:19,129] []  INFO {org.apache.ode.il.EmbeddedGeronimoFactory} - Using embedded Geronimo transaction manager
TID: [] [] [2022-10-31 09:57:19,220] []  INFO {org.apache.ode.il.dbutil.Database} - ODE using external DataSource "bpsds".
TID: [] [] [2022-10-31 09:57:19,222] []  INFO {org.wso2.carbon.bpel.core.ode.integration.BPELServerImpl} - Using DAO Connection Factory class: org.apache.ode.dao.jpa.BPELDAOConnectionFactoryImpl
TID: [] [] [2022-10-31 09:57:19,224] []  INFO {org.apache.ode.il.dbutil.Database} - Using DAO Connection Factory class org.apache.ode.dao.jpa.BPELDAOConnectionFactoryImpl.
TID: [] [] [2022-10-31 09:57:19,460] []  INFO {org.apache.ode.store.jpa.DbConfStoreConnectionFactory} - ProcessStore initializing transaction manager using org.apache.ode.il.EmbeddedGeronimoFactory
TID: [] [] [2022-10-31 09:57:19,461] []  INFO {org.apache.ode.il.EmbeddedGeronimoFactory} - Using embedded Geronimo transaction manager
TID: [] [] [2022-10-31 09:57:19,504] []  INFO {org.apache.ode.scheduler.simple.JdbcDelegate} - Using database H2 major version 2
TID: [] [] [2022-10-31 09:57:19,505] []  INFO {org.apache.ode.scheduler.simple.JdbcDelegate} - Using database dialect: H2
TID: [] [] [2022-10-31 09:57:19,531] []  INFO {org.wso2.carbon.bpel.core.ode.integration.BPELServerImpl} - This node is a manager node
TID: [] [] [2022-10-31 09:57:19,549] []  INFO {org.wso2.carbon.bpel.core.ode.integration.BPELServerImpl} - Registering E4X Extension...
TID: [] [] [2022-10-31 09:57:19,556] []  INFO {org.wso2.carbon.bpel.core.ode.integration.BPELServerImpl} - Registering B4P Extension...
TID: [] [] [2022-10-31 09:57:19,569] []  INFO {org.wso2.carbon.bpel.core.ode.integration.BPELServerImpl} - Registering B4P Filter...
TID: [] [] [2022-10-31 09:57:19,589] []  INFO {org.apache.ode.bpel.engine.BpelServerImpl} - BPEL Server Started.
TID: [] [] [2022-10-31 09:57:19,593] []  INFO {org.wso2.carbon.bpel.core.ode.integration.BPELServerImpl} - Registering MBeans
TID: [] [] [2022-10-31 09:57:19,699] []  INFO {org.wso2.carbon.humantask.core.internal.HumanTaskServiceComponent} - Initialising HumanTask Server
TID: [] [] [2022-10-31 09:57:19,793] []  INFO {org.apache.ode.il.EmbeddedGeronimoFactory} - Using embedded Geronimo transaction manager
TID: [] [] [2022-10-31 09:57:19,828] []  INFO {org.wso2.carbon.humantask.core.dao.jpa.AbstractJPAVendorAdapter} - [HT OpenJPA] DB Dictionary: h2
TID: [] [] [2022-10-31 09:57:19,829] []  INFO {org.wso2.carbon.humantask.core.dao.jpa.AbstractJPAVendorAdapter} - [HT OpenJPA] Generate DDL Enabled.
TID: [] [] [2022-10-31 09:57:19,881] []  INFO {org.wso2.carbon.humantask.core.internal.HumanTaskServiceComponent} - Registering Axis2ConfigurationContextObserver
TID: [] [] [2022-10-31 09:57:19,917] []  INFO {org.wso2.carbon.humantask.core.internal.HumanTaskServiceComponent} - Registering HT related MBeans
TID: [] [] [2022-10-31 09:57:19,922] []  INFO {org.wso2.carbon.humantask.core.internal.HumanTaskServiceComponent} - MXBean for Human tasks registered successfully
TID: [] [] [2022-10-31 09:57:21,222] []  INFO {org.wso2.carbon.identity.user.store.configuration.deployer.UserStoreConfigurationDeployer} - User Store Configuration Deployer initiated.
TID: [] [] [2022-10-31 09:57:21,225] []  INFO {org.wso2.carbon.identity.user.store.configuration.deployer.UserStoreConfigurationDeployer} - User Store Configuration Deployer initiated.
TID: [] [] [2022-10-31 09:57:21,233] []  INFO {org.wso2.carbon.bpel.deployer.BPELDeployer} - Initializing BPEL Deployer for tenant -1234.
TID: [] [] [2022-10-31 09:57:21,251] []  INFO {org.wso2.carbon.humantask.deployer.HumanTaskDeployer} - Initializing HumanTask Deployer for tenant -1234.
TID: [] [] [2022-10-31 09:57:21,273] []  INFO {org.apache.axis2.transport.mail.MailTransportSender} - MAILTO Sender started
TID: [] [] [2022-10-31 09:57:22,766] []  INFO {org.wso2.carbon.core.deployment.DeploymentInterceptor} - Deploying Axis2 service: I18nEmailMgtConfigService {super-tenant}
TID: [] [] [2022-10-31 09:57:24,120] []  INFO {org.wso2.carbon.core.deployment.DeploymentInterceptor} - Deploying Axis2 service: AccountCredentialMgtConfigService {super-tenant}
TID: [] [] [2022-10-31 09:57:24,123] []  INFO {org.wso2.carbon.core.deployment.DeploymentInterceptor} - Deploying Axis2 service: UserIdentityManagementAdminService {super-tenant}
TID: [] [] [2022-10-31 09:57:24,125] []  INFO {org.wso2.carbon.core.deployment.DeploymentInterceptor} - Deploying Axis2 service: UserInformationRecoveryService {super-tenant}
TID: [] [] [2022-10-31 09:57:24,295] []  INFO {org.wso2.carbon.core.deployment.DeploymentInterceptor} - Deploying Axis2 service: SAMLQueryService {super-tenant}
TID: [] [] [2022-10-31 09:57:25,070] []  INFO {org.wso2.carbon.core.deployment.DeploymentInterceptor} - Deploying Axis2 service: mex-ut {super-tenant}
TID: [] [] [2022-10-31 09:57:25,076] []  INFO {org.wso2.carbon.core.deployment.DeploymentInterceptor} - Deploying Axis2 service: mex-ut2 {super-tenant}
TID: [] [] [2022-10-31 09:57:26,240] []  INFO {org.wso2.carbon.core.init.CarbonServerManager} - Repository       : C:\Users\AMSHIK~1\DOWNLO~1\WSO2IS~1.0-R\WSO2IS~1.0\bin\../repository/deployment/server/
TID: [] [] [2022-10-31 09:57:26,296] []  INFO {org.wso2.carbon.core.multitenancy.eager.TenantLoadingConfig} - Using tenant lazy loading policy...
TID: [] [] [2022-10-31 09:57:26,318] []  INFO {org.wso2.carbon.core.internal.permission.update.PermissionUpdater} - Permission cache updated for tenant -1234
TID: [] [] [2022-10-31 09:57:27,383] []  INFO {org.wso2.balana.ConfigurationStore} - Loading runtime configuration
TID: [] [] [2022-10-31 09:57:27,430] []  INFO {org.wso2.carbon.identity.entitlement.internal.SchemaBuilder} - XACML policy schema loaded successfully.
TID: [] [] [2022-10-31 09:57:27,683] []  INFO {org.wso2.carbon.identity.oauth.uma.xacml.service.internal.AppUMAServiceComponents} - XACML UMA Handler activated successfully.
TID: [] [] [2022-10-31 09:57:27,871] []  INFO {org.wso2.carbon.user.core.internal.UserStoreMgtDSComponent} - Claim manager set for class org.wso2.carbon.user.core.common.DefaultRealm
TID: [] [] [2022-10-31 09:57:27,883] []  INFO {org.wso2.carbon.user.core.internal.UserStoreMgtDSComponent} - Claim manager set for class org.wso2.carbon.user.core.jdbc.UniqueIDJDBCUserStoreManager
TID: [] [] [2022-10-31 09:57:28,955] []  INFO {org.wso2.carbon.identity.authenticator.x509Certificate.internal.X509CertificateServiceComponent} - X509 Certificate Servlet activated successfully..
TID: [] [] [2022-10-31 09:57:29,337] []  INFO {org.wso2.carbon.identity.local.auth.api.core.internal.AuthAPIServiceComponent} - Auth API Service Component  is activated.
TID: [] [] [2022-10-31 09:57:29,660] []  INFO {org.wso2.carbon.identity.oauth.config.OAuthServerConfiguration} - The default OAuth token issuer will be used. No custom token generator is set.
TID: [] [] [2022-10-31 09:57:29,662] []  INFO {org.wso2.carbon.identity.oauth.config.OAuthServerConfiguration} - An instance of org.wso2.carbon.identity.oauth2.token.OauthTokenIssuerImpl is created for Identity OAuth token generation.
TID: [] [] [2022-10-31 09:57:29,693] []  INFO {org.opensaml.core.config.InitializationService} - Initializing OpenSAML using the Java Services API
TID: [] [] [2022-10-31 09:57:31,911] []  INFO {org.wso2.carbon.identity.application.authentication.framework.store.SessionDataStore} - Thread pool size for temporary authentication context data delete task: 20
TID: [] [] [2022-10-31 09:57:34,694] []  INFO {org.wso2.carbon.event.publisher.core.EventPublisherDeployer} - Event Publisher deployment held back and in inactive state :EmailPublisher.xml, Stream validation exception : Stream id_gov_notify_stream:1.0.0 does not exist
TID: [] [] [2022-10-31 09:57:34,698] []  INFO {org.wso2.carbon.event.publisher.core.EventPublisherDeployer} - Event Publisher deployment held back and in inactive state :IsAnalytics-Publisher-wso2event-AuthenticationData-1.1.0.xml, Stream validation exception : Stream org.wso2.is.analytics.stream.OverallAuthentication:1.1.0 does not exist
TID: [] [] [2022-10-31 09:57:34,702] []  INFO {org.wso2.carbon.event.publisher.core.EventPublisherDeployer} - Event Publisher deployment held back and in inactive state :IsAnalytics-Publisher-wso2event-AuthenticationData.xml, Stream validation exception : Stream org.wso2.is.analytics.stream.OverallAuthentication:1.0.0 does not exist
TID: [] [] [2022-10-31 09:57:34,704] []  INFO {org.wso2.carbon.event.publisher.core.EventPublisherDeployer} - Event Publisher deployment held back and in inactive state :IsAnalytics-Publisher-wso2event-OauthTokenIssueRefresh.xml, Stream validation exception : Stream org.wso2.is.analytics.stream.OauthTokenIssuance:1.0.0 does not exist
TID: [] [] [2022-10-31 09:57:34,708] []  INFO {org.wso2.carbon.event.publisher.core.EventPublisherDeployer} - Event Publisher deployment held back and in inactive state :IsAnalytics-Publisher-wso2event-OauthTokenRevocation.xml, Stream validation exception : Stream org.wso2.is.analytics.stream.OauthTokenRevocation:1.0.0 does not exist
TID: [] [] [2022-10-31 09:57:34,710] []  INFO {org.wso2.carbon.event.publisher.core.EventPublisherDeployer} - Event Publisher deployment held back and in inactive state :IsAnalytics-Publisher-wso2event-OauthTokenValidation.xml, Stream validation exception : Stream org.wso2.is.analytics.stream.OauthTokenValidation:1.0.0 does not exist
TID: [] [] [2022-10-31 09:57:34,713] []  INFO {org.wso2.carbon.event.publisher.core.EventPublisherDeployer} - Event Publisher deployment held back and in inactive state :IsAnalytics-Publisher-wso2event-RoleData.xml, Stream validation exception : Stream org.wso2.is.analytics.stream.OverallRoleData:1.0.0 does not exist
TID: [] [] [2022-10-31 09:57:34,715] []  INFO {org.wso2.carbon.event.publisher.core.EventPublisherDeployer} - Event Publisher deployment held back and in inactive state :IsAnalytics-Publisher-wso2event-SessionData.xml, Stream validation exception : Stream org.wso2.is.analytics.stream.OverallSession:1.0.1 does not exist
TID: [] [] [2022-10-31 09:57:34,718] []  INFO {org.wso2.carbon.event.publisher.core.EventPublisherDeployer} - Event Publisher deployment held back and in inactive state :IsAnalytics-Publisher-wso2event-UserData.xml, Stream validation exception : Stream org.wso2.is.analytics.stream.OverallUserData:1.0.0 does not exist
TID: [] [] [2022-10-31 09:57:34,720] []  INFO {org.wso2.carbon.event.publisher.core.EventPublisherDeployer} - Event Publisher deployment held back and in inactive state :SMSPublisher.xml, Stream validation exception : Stream id_gov_sms_notify_stream:1.0.0 does not exist
TID: [] [] [2022-10-31 09:57:34,727] []  INFO {org.wso2.carbon.event.publisher.core.EventPublisherDeployer} - Event Publisher undeployed successfully : EmailPublisher.xml
TID: [] [] [2022-10-31 09:57:34,745] []  INFO {org.wso2.carbon.event.stream.core.internal.EventJunction} - WSO2EventConsumer added to the junction. Stream:id_gov_notify_stream:1.0.0
TID: [] [] [2022-10-31 09:57:34,753] []  INFO {org.wso2.carbon.event.publisher.core.EventPublisherDeployer} - Event Publisher configuration successfully deployed and in active state : EmailPublisher
TID: [] [] [2022-10-31 09:57:34,755] []  INFO {org.wso2.carbon.event.stream.core.EventStreamDeployer} - Stream definition is deployed successfully  : id_gov_notify_stream:1.0.0
TID: [] [] [2022-10-31 09:57:34,756] []  INFO {org.wso2.carbon.event.publisher.core.EventPublisherDeployer} - Event Publisher undeployed successfully : SMSPublisher.xml
TID: [] [] [2022-10-31 09:57:34,762] []  INFO {org.wso2.carbon.event.stream.core.internal.EventJunction} - WSO2EventConsumer added to the junction. Stream:id_gov_sms_notify_stream:1.0.0
TID: [] [] [2022-10-31 09:57:34,765] []  INFO {org.wso2.carbon.event.publisher.core.EventPublisherDeployer} - Event Publisher configuration successfully deployed and in active state : SMSPublisher
TID: [] [] [2022-10-31 09:57:34,767] []  INFO {org.wso2.carbon.event.stream.core.EventStreamDeployer} - Stream definition is deployed successfully  : id_gov_sms_notify_stream:1.0.0
TID: [] [] [2022-10-31 09:57:34,771] []  INFO {org.wso2.carbon.event.publisher.core.EventPublisherDeployer} - Event Publisher undeployed successfully : IsAnalytics-Publisher-wso2event-OauthTokenIssueRefresh.xml
TID: [] [] [2022-10-31 09:57:34,779] []  INFO {org.wso2.carbon.event.stream.core.internal.EventJunction} - WSO2EventConsumer added to the junction. Stream:org.wso2.is.analytics.stream.OauthTokenIssuance:1.0.0
TID: [] [] [2022-10-31 09:57:34,784] []  INFO {org.wso2.carbon.event.publisher.core.EventPublisherDeployer} - Event Publisher configuration successfully deployed and in active state : IsAnalytics-Publisher-wso2event-OauthTokenIssueRefresh
TID: [] [] [2022-10-31 09:57:34,786] []  INFO {org.wso2.carbon.event.stream.core.EventStreamDeployer} - Stream definition is deployed successfully  : org.wso2.is.analytics.stream.OauthTokenIssuance:1.0.0
TID: [] [] [2022-10-31 09:57:34,788] []  INFO {org.wso2.carbon.event.publisher.core.EventPublisherDeployer} - Event Publisher undeployed successfully : IsAnalytics-Publisher-wso2event-OauthTokenRevocation.xml
TID: [] [] [2022-10-31 09:57:34,794] []  INFO {org.wso2.carbon.event.stream.core.internal.EventJunction} - WSO2EventConsumer added to the junction. Stream:org.wso2.is.analytics.stream.OauthTokenRevocation:1.0.0
TID: [] [] [2022-10-31 09:57:34,796] []  INFO {org.wso2.carbon.event.publisher.core.EventPublisherDeployer} - Event Publisher configuration successfully deployed and in active state : IsAnalytics-Publisher-wso2event-OauthTokenRevocation
TID: [] [] [2022-10-31 09:57:34,797] []  INFO {org.wso2.carbon.event.stream.core.EventStreamDeployer} - Stream definition is deployed successfully  : org.wso2.is.analytics.stream.OauthTokenRevocation:1.0.0
TID: [] [] [2022-10-31 09:57:34,800] []  INFO {org.wso2.carbon.event.publisher.core.EventPublisherDeployer} - Event Publisher undeployed successfully : IsAnalytics-Publisher-wso2event-OauthTokenValidation.xml
TID: [] [] [2022-10-31 09:57:34,809] []  INFO {org.wso2.carbon.event.stream.core.internal.EventJunction} - WSO2EventConsumer added to the junction. Stream:org.wso2.is.analytics.stream.OauthTokenValidation:1.0.0
TID: [] [] [2022-10-31 09:57:34,810] []  INFO {org.wso2.carbon.event.publisher.core.EventPublisherDeployer} - Event Publisher configuration successfully deployed and in active state : IsAnalytics-Publisher-wso2event-OauthTokenValidation
TID: [] [] [2022-10-31 09:57:34,811] []  INFO {org.wso2.carbon.event.stream.core.EventStreamDeployer} - Stream definition is deployed successfully  : org.wso2.is.analytics.stream.OauthTokenValidation:1.0.0
TID: [] [] [2022-10-31 09:57:34,814] []  INFO {org.wso2.carbon.event.publisher.core.EventPublisherDeployer} - Event Publisher undeployed successfully : IsAnalytics-Publisher-wso2event-AuthenticationData.xml
TID: [] [] [2022-10-31 09:57:34,818] []  INFO {org.wso2.carbon.event.stream.core.internal.EventJunction} - WSO2EventConsumer added to the junction. Stream:org.wso2.is.analytics.stream.OverallAuthentication:1.0.0
TID: [] [] [2022-10-31 09:57:34,824] []  INFO {org.wso2.carbon.event.publisher.core.EventPublisherDeployer} - Event Publisher configuration successfully deployed and in active state : IsAnalytics-Publisher-wso2event-AuthenticationData
TID: [] [] [2022-10-31 09:57:34,825] []  INFO {org.wso2.carbon.event.stream.core.EventStreamDeployer} - Stream definition is deployed successfully  : org.wso2.is.analytics.stream.OverallAuthentication:1.0.0
TID: [] [] [2022-10-31 09:57:34,830] []  INFO {org.wso2.carbon.event.publisher.core.EventPublisherDeployer} - Event Publisher undeployed successfully : IsAnalytics-Publisher-wso2event-AuthenticationData-1.1.0.xml
TID: [] [] [2022-10-31 09:57:34,834] []  INFO {org.wso2.carbon.event.stream.core.internal.EventJunction} - WSO2EventConsumer added to the junction. Stream:org.wso2.is.analytics.stream.OverallAuthentication:1.1.0
TID: [] [] [2022-10-31 09:57:34,835] []  INFO {org.wso2.carbon.event.publisher.core.EventPublisherDeployer} - Event Publisher configuration successfully deployed and in active state : IsAnalytics-Publisher-wso2event-AuthenticationData-1.1.0
TID: [] [] [2022-10-31 09:57:34,836] []  INFO {org.wso2.carbon.event.stream.core.EventStreamDeployer} - Stream definition is deployed successfully  : org.wso2.is.analytics.stream.OverallAuthentication:1.1.0
TID: [] [] [2022-10-31 09:57:34,841] []  INFO {org.wso2.carbon.event.publisher.core.EventPublisherDeployer} - Event Publisher undeployed successfully : IsAnalytics-Publisher-wso2event-RoleData.xml
TID: [] [] [2022-10-31 09:57:34,846] []  INFO {org.wso2.carbon.event.stream.core.internal.EventJunction} - WSO2EventConsumer added to the junction. Stream:org.wso2.is.analytics.stream.OverallRoleData:1.0.0
TID: [] [] [2022-10-31 09:57:34,847] []  INFO {org.wso2.carbon.event.publisher.core.EventPublisherDeployer} - Event Publisher configuration successfully deployed and in active state : IsAnalytics-Publisher-wso2event-RoleData
TID: [] [] [2022-10-31 09:57:34,850] []  INFO {org.wso2.carbon.event.stream.core.EventStreamDeployer} - Stream definition is deployed successfully  : org.wso2.is.analytics.stream.OverallRoleData:1.0.0
TID: [] [] [2022-10-31 09:57:34,853] []  INFO {org.wso2.carbon.event.stream.core.EventStreamDeployer} - Stream definition is deployed successfully  : org.wso2.is.analytics.stream.OverallSession:1.0.0
TID: [] [] [2022-10-31 09:57:34,857] []  INFO {org.wso2.carbon.event.publisher.core.EventPublisherDeployer} - Event Publisher undeployed successfully : IsAnalytics-Publisher-wso2event-SessionData.xml
TID: [] [] [2022-10-31 09:57:34,860] []  INFO {org.wso2.carbon.event.stream.core.internal.EventJunction} - WSO2EventConsumer added to the junction. Stream:org.wso2.is.analytics.stream.OverallSession:1.0.1
TID: [] [] [2022-10-31 09:57:34,863] []  INFO {org.wso2.carbon.event.publisher.core.EventPublisherDeployer} - Event Publisher configuration successfully deployed and in active state : IsAnalytics-Publisher-wso2event-SessionData
TID: [] [] [2022-10-31 09:57:34,866] []  INFO {org.wso2.carbon.event.stream.core.EventStreamDeployer} - Stream definition is deployed successfully  : org.wso2.is.analytics.stream.OverallSession:1.0.1
TID: [] [] [2022-10-31 09:57:34,869] []  INFO {org.wso2.carbon.event.publisher.core.EventPublisherDeployer} - Event Publisher undeployed successfully : IsAnalytics-Publisher-wso2event-UserData.xml
TID: [] [] [2022-10-31 09:57:34,874] []  INFO {org.wso2.carbon.event.stream.core.internal.EventJunction} - WSO2EventConsumer added to the junction. Stream:org.wso2.is.analytics.stream.OverallUserData:1.0.0
TID: [] [] [2022-10-31 09:57:34,875] []  INFO {org.wso2.carbon.event.publisher.core.EventPublisherDeployer} - Event Publisher configuration successfully deployed and in active state : IsAnalytics-Publisher-wso2event-UserData
TID: [] [] [2022-10-31 09:57:34,875] []  INFO {org.wso2.carbon.event.stream.core.EventStreamDeployer} - Stream definition is deployed successfully  : org.wso2.is.analytics.stream.OverallUserData:1.0.0
TID: [] [] [2022-10-31 09:57:36,839] []  INFO {org.wso2.carbon.webapp.mgt.TomcatGenericWebappsDeployer} - Deployed webapp: StandardEngine[Catalina].StandardHost[localhost].StandardContext[/accountrecoveryendpoint].File[C:\Users\AMSHIK~1\DOWNLO~1\WSO2IS~1.0-R\WSO2IS~1.0\bin\..\repository\deployment\server\webapps\accountrecoveryendpoint]
TID: [] [] [2022-10-31 09:57:41,772] []  WARN {java.util.prefs} - Could not open/create prefs root node Software\JavaSoft\Prefs at root 0xffffffff80000002. Windows RegCreateKeyEx(...) returned error code 5.
TID: [] [] [2022-10-31 09:57:44,318] []  INFO {org.hibernate.validator.internal.util.Version} - HV000001: Hibernate Validator 6.2.0.Final
TID: [] [] [2022-10-31 09:57:47,088] []  INFO {org.apache.cxf.endpoint.ServerImpl} - Setting the server's publish address to be /server/v1
TID: [] [] [2022-10-31 09:57:47,706] []  INFO {org.apache.cxf.endpoint.ServerImpl} - Setting the server's publish address to be /users/v1
TID: [] [] [2022-10-31 09:57:47,780] []  INFO {org.apache.cxf.endpoint.ServerImpl} - Setting the server's publish address to be /users/v2
TID: [] [] [2022-10-31 09:57:47,898] []  INFO {org.apache.cxf.endpoint.ServerImpl} - Setting the server's publish address to be /identity/config-mgt/v1.0
TID: [] [] [2022-10-31 09:57:48,009] []  INFO {org.apache.cxf.endpoint.ServerImpl} - Setting the server's publish address to be /identity/entitlement/decision
TID: [] [] [2022-10-31 09:57:48,023] []  INFO {org.apache.cxf.endpoint.ServerImpl} - Setting the server's publish address to be /identity/oauth2/uma/permission/v1.0
TID: [] [] [2022-10-31 09:57:48,055] []  INFO {org.apache.cxf.endpoint.ServerImpl} - Setting the server's publish address to be /identity/oauth2/uma/resourceregistration/v1.0
TID: [] [] [2022-10-31 09:57:48,161] []  INFO {org.apache.cxf.endpoint.ServerImpl} - Setting the server's publish address to be /identity/recovery/v0.9
TID: [] [] [2022-10-31 09:57:48,263] []  INFO {org.apache.cxf.endpoint.ServerImpl} - Setting the server's publish address to be /identity/user/v1.0
TID: [] [] [2022-10-31 09:57:48,295] []  INFO {org.apache.cxf.endpoint.ServerImpl} - Setting the server's publish address to be /users/v2/me/webauthn
TID: [] [] [2022-10-31 09:57:48,341] []  INFO {org.apache.cxf.endpoint.ServerImpl} - Setting the server's publish address to be /identity/oauth2/dcr/v1.1
TID: [] [] [2022-10-31 09:57:48,400] []  INFO {org.apache.cxf.endpoint.ServerImpl} - Setting the server's publish address to be /identity/oauth2/v1.0
TID: [] [] [2022-10-31 09:57:48,488] []  INFO {org.apache.cxf.endpoint.ServerImpl} - Setting the server's publish address to be /identity/consent-mgt/v1.0
TID: [] [] [2022-10-31 09:57:48,524] []  INFO {org.apache.cxf.endpoint.ServerImpl} - Setting the server's publish address to be /identity/auth/v1.1
TID: [] [] [2022-10-31 09:57:48,623] []  INFO {org.wso2.carbon.webapp.mgt.TomcatGenericWebappsDeployer} - Deployed webapp: StandardEngine[Catalina].StandardHost[localhost].StandardContext[/api].File[C:\Users\AMSHIK~1\DOWNLO~1\WSO2IS~1.0-R\WSO2IS~1.0\bin\..\repository\deployment\server\webapps\api]
TID: [] [] [2022-10-31 09:57:49,430] []  INFO {org.apache.cxf.endpoint.ServerImpl} - Setting the server's publish address to be /
TID: [] [] [2022-10-31 09:57:49,448] []  INFO {org.wso2.carbon.webapp.mgt.TomcatGenericWebappsDeployer} - Deployed webapp: StandardEngine[Catalina].StandardHost[localhost].StandardContext[/api/health-check/v1.0].File[C:\Users\AMSHIK~1\DOWNLO~1\WSO2IS~1.0-R\WSO2IS~1.0\bin\..\repository\deployment\server\webapps\api#health-check#v1.0]
TID: [] [] [2022-10-31 09:57:50,158] []  INFO {org.wso2.carbon.identity.application.authentication.endpoint.util.TenantDataManager} - EndpointConfig.properties file loaded from ./repository/conf/identity/EndpointConfig.properties
TID: [] [] [2022-10-31 09:57:50,162] []  INFO {org.wso2.carbon.identity.application.authentication.endpoint.util.MutualSSLManager} - EndpointConfig.properties file loaded from ./repository/conf/identity/EndpointConfig.properties
TID: [] [] [2022-10-31 09:57:50,203] []  INFO {org.wso2.carbon.identity.application.authentication.endpoint.util.EndpointConfigManager} - EndpointConfig.properties file loaded from ./repository/conf/identity/EndpointConfig.properties
TID: [] [] [2022-10-31 09:57:51,097] []  INFO {org.wso2.carbon.webapp.mgt.TomcatGenericWebappsDeployer} - Deployed webapp: StandardEngine[Catalina].StandardHost[localhost].StandardContext[/authenticationendpoint].File[C:\Users\AMSHIK~1\DOWNLO~1\WSO2IS~1.0-R\WSO2IS~1.0\bin\..\repository\deployment\server\webapps\authenticationendpoint]
TID: [] [] [2022-10-31 09:57:51,783] []  INFO {org.wso2.carbon.webapp.mgt.TomcatGenericWebappsDeployer} - Deployed webapp: StandardEngine[Catalina].StandardHost[localhost].StandardContext[/console].File[C:\Users\AMSHIK~1\DOWNLO~1\WSO2IS~1.0-R\WSO2IS~1.0\bin\..\repository\deployment\server\webapps\console]
TID: [] [] [2022-10-31 09:57:52,334] []  INFO {org.wso2.carbon.webapp.mgt.TomcatGenericWebappsDeployer} - Deployed webapp: StandardEngine[Catalina].StandardHost[localhost].StandardContext[/mex].File[C:\Users\AMSHIK~1\DOWNLO~1\WSO2IS~1.0-R\WSO2IS~1.0\bin\..\repository\deployment\server\webapps\mex]
TID: [] [] [2022-10-31 09:57:54,366] []  INFO {org.apache.cxf.endpoint.ServerImpl} - Setting the server's publish address to be /
TID: [] [] [2022-10-31 09:57:54,388] []  INFO {org.wso2.carbon.webapp.mgt.TomcatGenericWebappsDeployer} - Deployed webapp: StandardEngine[Catalina].StandardHost[localhost].StandardContext[/mexut].File[C:\Users\AMSHIK~1\DOWNLO~1\WSO2IS~1.0-R\WSO2IS~1.0\bin\..\repository\deployment\server\webapps\mexut]
TID: [] [] [2022-10-31 09:57:55,087] []  INFO {org.wso2.carbon.webapp.mgt.TomcatGenericWebappsDeployer} - Deployed webapp: StandardEngine[Catalina].StandardHost[localhost].StandardContext[/myaccount].File[C:\Users\AMSHIK~1\DOWNLO~1\WSO2IS~1.0-R\WSO2IS~1.0\bin\..\repository\deployment\server\webapps\myaccount]
TID: [] [] [2022-10-31 09:57:56,728] []  INFO {org.apache.cxf.endpoint.ServerImpl} - Setting the server's publish address to be /
TID: [] [] [2022-10-31 09:57:56,852] []  INFO {org.wso2.carbon.webapp.mgt.TomcatGenericWebappsDeployer} - Deployed webapp: StandardEngine[Catalina].StandardHost[localhost].StandardContext[/oauth2].File[C:\Users\AMSHIK~1\DOWNLO~1\WSO2IS~1.0-R\WSO2IS~1.0\bin\..\repository\deployment\server\webapps\oauth2]
TID: [] [] [2022-10-31 09:57:58,074] []  INFO {org.apache.cxf.endpoint.ServerImpl} - Setting the server's publish address to be /Users
TID: [] [] [2022-10-31 09:57:58,117] []  INFO {org.apache.cxf.endpoint.ServerImpl} - Setting the server's publish address to be /Groups
TID: [] [] [2022-10-31 09:57:58,131] []  INFO {org.apache.cxf.endpoint.ServerImpl} - Setting the server's publish address to be /Me
TID: [] [] [2022-10-31 09:57:58,140] []  INFO {org.apache.cxf.endpoint.ServerImpl} - Setting the server's publish address to be /ServiceProviderConfig
TID: [] [] [2022-10-31 09:57:58,144] []  INFO {org.apache.cxf.endpoint.ServerImpl} - Setting the server's publish address to be /ResourceTypes
TID: [] [] [2022-10-31 09:57:58,150] []  INFO {org.apache.cxf.endpoint.ServerImpl} - Setting the server's publish address to be /Bulk
TID: [] [] [2022-10-31 09:57:58,155] []  INFO {org.apache.cxf.endpoint.ServerImpl} - Setting the server's publish address to be /Schemas
TID: [] [] [2022-10-31 09:57:58,160] []  INFO {org.apache.cxf.endpoint.ServerImpl} - Setting the server's publish address to be /Roles
TID: [] [] [2022-10-31 09:57:58,188] []  INFO {org.wso2.carbon.webapp.mgt.TomcatGenericWebappsDeployer} - Deployed webapp: StandardEngine[Catalina].StandardHost[localhost].StandardContext[/scim2].File[C:\Users\AMSHIK~1\DOWNLO~1\WSO2IS~1.0-R\WSO2IS~1.0\bin\..\repository\deployment\server\webapps\scim2]
TID: [] [] [2022-10-31 09:57:59,161] []  INFO {org.apache.cxf.endpoint.ServerImpl} - Setting the server's publish address to be /Users
TID: [] [] [2022-10-31 09:57:59,182] []  INFO {org.apache.cxf.endpoint.ServerImpl} - Setting the server's publish address to be /Groups
TID: [] [] [2022-10-31 09:57:59,191] []  INFO {org.apache.cxf.endpoint.ServerImpl} - Setting the server's publish address to be /Bulk
TID: [] [] [2022-10-31 09:57:59,221] []  INFO {org.wso2.carbon.webapp.mgt.TomcatGenericWebappsDeployer} - Deployed webapp: StandardEngine[Catalina].StandardHost[localhost].StandardContext[/wso2].File[C:\Users\AMSHIK~1\DOWNLO~1\WSO2IS~1.0-R\WSO2IS~1.0\bin\..\repository\deployment\server\webapps\wso2]
TID: [] [] [2022-10-31 09:57:59,994] []  INFO {org.wso2.carbon.webapp.mgt.TomcatGenericWebappsDeployer} - Deployed webapp: StandardEngine[Catalina].StandardHost[localhost].StandardContext[/x509certificateauthenticationendpoint].File[C:\Users\AMSHIK~1\DOWNLO~1\WSO2IS~1.0-R\WSO2IS~1.0\bin\..\repository\deployment\server\webapps\x509certificateauthenticationendpoint]
TID: [] [] [2022-10-31 09:57:59,999] []  INFO {org.wso2.carbon.humantask.core.HumanTaskSchedulerInitializer} - Starting HumanTasks Scheduler
TID: [] [] [2022-10-31 09:58:00,016] []  INFO {openjpa.Runtime} - Starting OpenJPA 2.2.0-wso2v1
TID: [] [] [2022-10-31 09:58:00,117] []  INFO {openjpa.jdbc.JDBC} - Using dictionary class "org.apache.openjpa.jdbc.sql.H2Dictionary".
TID: [] [] [2022-10-31 09:58:00,761] []  INFO {org.wso2.carbon.core.transports.http.HttpTransportListener} - HTTP port        : 9763
TID: [] [] [2022-10-31 09:58:00,762] []  INFO {org.wso2.carbon.core.transports.http.HttpsTransportListener} - HTTPS port       : 9443
TID: [] [] [2022-10-31 09:58:01,084] []  INFO {org.wso2.carbon.bpel.core.ode.integration.BPELSchedulerInitializer} - Starting BPS Scheduler
TID: [] [] [2022-10-31 09:58:01,091] []  INFO {openjpa.Runtime} - Starting OpenJPA 2.2.0-wso2v1
TID: [] [] [2022-10-31 09:58:01,095] []  INFO {openjpa.jdbc.JDBC} - Using dictionary class "org.apache.openjpa.jdbc.sql.H2Dictionary" (H2 2.1.210 (2022-01-17) ,H2 JDBC Driver 2.1.210 (2022-01-17)).
TID: [] [] [2022-10-31 09:58:01,219] []  INFO {org.wso2.carbon.core.internal.StartupFinalizerServiceComponent} - Server           :  WSO2 Identity Server-6.0.0
TID: [] [] [2022-10-31 09:58:01,221] []  INFO {org.wso2.carbon.core.internal.StartupFinalizerServiceComponent} - WSO2 Carbon started in 80 sec
TID: [] [] [2022-10-31 09:58:01,263] []  INFO {org.wso2.carbon.healthcheck.api.core.internal.HealthMonitorServiceComponent} - Carbon health monitoring service is activated..
TID: [] [] [2022-10-31 09:58:02,081] []  INFO {org.wso2.carbon.ui.internal.CarbonUIServiceComponent} - Mgt Console URL  : https://localhost:9443/carbon/
TID: [] [] [2022-10-31 09:58:02,187] []  INFO {org.wso2.identity.apps.common.internal.AppsCommonServiceComponent} - My Account URL : https://localhost:9443/myaccount
TID: [] [] [2022-10-31 09:58:02,189] []  INFO {org.wso2.identity.apps.common.internal.AppsCommonServiceComponent} - Console URL : https://localhost:9443/console
TID: [] [] [2022-10-31 09:58:02,191] []  INFO {org.wso2.identity.apps.common.internal.AppsCommonServiceComponent} - Identity apps common service component activated successfully.
TID: [] [] [2022-10-31 09:58:02,262] []  INFO {org.wso2.callhome.CallHomeExecutor} - 
...........................................................................
The latest update level is 'wso2is-6.0.0.23'. 
This consists of 27 updates
applied on top of 'wso2is-6.0.0.0'[WARNING] 
 The update level
'wso2is-6.0.0.23' consists of 7 critical security updates applied on top of
'wso2is-6.0.0.0'. 
WSO2 strongly recommends to use 'wso2is-6.0.0.23'
distribution in production as soon as possible.
...........................................................................
TID: [-1234] [authenticationendpoint] [2022-10-31 09:59:59,362] [5f867b16-4230-4afe-beaa-36c9d7bac50b]  INFO {org.ehcache.shadow.org.terracotta.offheapstore.paging.UpfrontAllocatingPageSource} - Allocating 10.0MB in chunks
TID: [-1234] [authenticationendpoint] [2022-10-31 09:59:59,740] [5f867b16-4230-4afe-beaa-36c9d7bac50b]  INFO {org.ehcache.core.EhcacheManager} - Cache 'layouts' created in EhcacheManager.
TID: [-1234] [authenticationendpoint] [2022-10-31 09:59:59,813] [5f867b16-4230-4afe-beaa-36c9d7bac50b]  INFO {org.ehcache.jsr107.Eh107CacheManager} - Registering Ehcache MBean javax.cache:type=CacheStatistics,CacheManager=urn.X-ehcache.jsr107-default-config,Cache=layouts
